# JRE version: OpenJDK Runtime Environment (8.0_202-b03) (build 1.8.0_202-release-1483-b03)
# Java VM: OpenJDK 64-Bit Server VM (25.202-b03 mixed mode windows-amd64 compressed oops)
Heap:
 PSYoungGen      total 469504K, used 55511K [0x00000000e0000000, 0x00000000ffc00000, 0x0000000100000000)
  eden space 420864K, 7% used [0x00000000e0000000,0x00000000e1e87d78,0x00000000f9b00000)
  from space 48640K, 49% used [0x00000000fcc80000,0x00000000fe42e178,0x00000000ffc00000)
  to   space 49664K, 0% used [0x00000000f9b00000,0x00000000f9b00000,0x00000000fcb80000)
 ParOldGen       total 245248K, used 172781K [0x00000000a0000000, 0x00000000aef80000, 0x00000000e0000000)
  object space 245248K, 70% used [0x00000000a0000000,0x00000000aa8bb758,0x00000000aef80000)
 Metaspace       used 108001K, capacity 113378K, committed 113536K, reserved 1148928K
  class space    used 13370K, capacity 14341K, committed 14464K, reserved 1048576K
GC Heap History (10 events):
Event: 995.710 GC heap before
{Heap before GC invocations=40 (full 4):
 PSYoungGen      total 469504K, used 425589K [0x00000000e0000000, 0x0000000100000000, 0x0000000100000000)
  eden space 415744K, 100% used [0x00000000e0000000,0x00000000f9600000,0x00000000f9600000)
  from space 53760K, 18% used [0x00000000f9600000,0x00000000f9f9d680,0x00000000fca80000)
  to   space 53760K, 0% used [0x00000000fcb80000,0x00000000fcb80000,0x0000000100000000)
 ParOldGen       total 245248K, used 141450K [0x00000000a0000000, 0x00000000aef80000, 0x00000000e0000000)
  object space 245248K, 57% used [0x00000000a0000000,0x00000000a8a22900,0x00000000aef80000)
 Metaspace       used 105480K, capacity 110128K, committed 110336K, reserved 1144832K
  class space    used 13088K, capacity 13968K, committed 14080K, reserved 1048576K
Event: 995.721 GC heap after
Heap after GC invocations=40 (full 4):
 PSYoungGen      total 468480K, used 10981K [0x00000000e0000000, 0x00000000ffe00000, 0x0000000100000000)
  eden space 416768K, 0% used [0x00000000e0000000,0x00000000e0000000,0x00000000f9700000)
  from space 51712K, 21% used [0x00000000fcb80000,0x00000000fd6394a8,0x00000000ffe00000)
  to   space 52736K, 0% used [0x00000000f9700000,0x00000000f9700000,0x00000000fca80000)
 ParOldGen       total 245248K, used 148386K [0x00000000a0000000, 0x00000000aef80000, 0x00000000e0000000)
  object space 245248K, 60% used [0x00000000a0000000,0x00000000a90e8990,0x00000000aef80000)
 Metaspace       used 105480K, capacity 110128K, committed 110336K, reserved 1144832K
  class space    used 13088K, capacity 13968K, committed 14080K, reserved 1048576K
}
Event: 995.722 GC heap before
{Heap before GC invocations=41 (full 4):
 PSYoungGen      total 468480K, used 11378K [0x00000000e0000000, 0x00000000ffe00000, 0x0000000100000000)
  eden space 416768K, 0% used [0x00000000e0000000,0x00000000e00636a0,0x00000000f9700000)
  from space 51712K, 21% used [0x00000000fcb80000,0x00000000fd6394a8,0x00000000ffe00000)
  to   space 52736K, 0% used [0x00000000f9700000,0x00000000f9700000,0x00000000fca80000)
 ParOldGen       total 245248K, used 148386K [0x00000000a0000000, 0x00000000aef80000, 0x00000000e0000000)
  object space 245248K, 60% used [0x00000000a0000000,0x00000000a90e8990,0x00000000aef80000)
 Metaspace       used 105480K, capacity 110128K, committed 110336K, reserved 1144832K
  class space    used 13088K, capacity 13968K, committed 14080K, reserved 1048576K
Event: 995.731 GC heap after
Heap after GC invocations=41 (full 4):
 PSYoungGen      total 469504K, used 96K [0x00000000e0000000, 0x0000000100000000, 0x0000000100000000)
  eden space 416768K, 0% used [0x00000000e0000000,0x00000000e0000000,0x00000000f9700000)
  from space 52736K, 0% used [0x00000000f9700000,0x00000000f9718000,0x00000000fca80000)
  to   space 53760K, 0% used [0x00000000fcb80000,0x00000000fcb80000,0x0000000100000000)
 ParOldGen       total 245248K, used 164361K [0x00000000a0000000, 0x00000000aef80000, 0x00000000e0000000)
  object space 245248K, 67% used [0x00000000a0000000,0x00000000aa0824c0,0x00000000aef80000)
 Metaspace       used 105480K, capacity 110128K, committed 110336K, reserved 1144832K
  class space    used 13088K, capacity 13968K, committed 14080K, reserved 1048576K
}
Event: 1073.043 GC heap before
{Heap before GC invocations=42 (full 4):
 PSYoungGen      total 469504K, used 416864K [0x00000000e0000000, 0x0000000100000000, 0x0000000100000000)
  eden space 416768K, 100% used [0x00000000e0000000,0x00000000f9700000,0x00000000f9700000)
  from space 52736K, 0% used [0x00000000f9700000,0x00000000f9718000,0x00000000fca80000)
  to   space 53760K, 0% used [0x00000000fcb80000,0x00000000fcb80000,0x0000000100000000)
 ParOldGen       total 245248K, used 164369K [0x00000000a0000000, 0x00000000aef80000, 0x00000000e0000000)
  object space 245248K, 67% used [0x00000000a0000000,0x00000000aa0844d0,0x00000000aef80000)
 Metaspace       used 106801K, capacity 111792K, committed 112000K, reserved 1146880K
  class space    used 13271K, capacity 14188K, committed 14208K, reserved 1048576K
Event: 1073.053 GC heap after
Heap after GC invocations=42 (full 4):
 PSYoungGen      total 469504K, used 24777K [0x00000000e0000000, 0x00000000ffe00000, 0x0000000100000000)
  eden space 417792K, 0% used [0x00000000e0000000,0x00000000e0000000,0x00000000f9800000)
  from space 51712K, 47% used [0x00000000fcb80000,0x00000000fe3b2400,0x00000000ffe00000)
  to   space 52224K, 0% used [0x00000000f9800000,0x00000000f9800000,0x00000000fcb00000)
 ParOldGen       total 245248K, used 164377K [0x00000000a0000000, 0x00000000aef80000, 0x00000000e0000000)
  object space 245248K, 67% used [0x00000000a0000000,0x00000000aa0864d0,0x00000000aef80000)
 Metaspace       used 106801K, capacity 111792K, committed 112000K, reserved 1146880K
  class space    used 13271K, capacity 14188K, committed 14208K, reserved 1048576K
}
Event: 1144.645 GC heap before
{Heap before GC invocations=43 (full 4):
 PSYoungGen      total 469504K, used 442569K [0x00000000e0000000, 0x00000000ffe00000, 0x0000000100000000)
  eden space 417792K, 100% used [0x00000000e0000000,0x00000000f9800000,0x00000000f9800000)
  from space 51712K, 47% used [0x00000000fcb80000,0x00000000fe3b2400,0x00000000ffe00000)
  to   space 52224K, 0% used [0x00000000f9800000,0x00000000f9800000,0x00000000fcb00000)
 ParOldGen       total 245248K, used 164393K [0x00000000a0000000, 0x00000000aef80000, 0x00000000e0000000)
  object space 245248K, 67% used [0x00000000a0000000,0x00000000aa08a628,0x00000000aef80000)
 Metaspace       used 107457K, capacity 112764K, committed 112896K, reserved 1148928K
  class space    used 13341K, capacity 14314K, committed 14336K, reserved 1048576K
Event: 1144.656 GC heap after
Heap after GC invocations=43 (full 4):
 PSYoungGen      total 470016K, used 7748K [0x00000000e0000000, 0x00000000ffe80000, 0x0000000100000000)
  eden space 417792K, 0% used [0x00000000e0000000,0x00000000e0000000,0x00000000f9800000)
  from space 52224K, 14% used [0x00000000f9800000,0x00000000f9f912b0,0x00000000fcb00000)
  to   space 51200K, 0% used [0x00000000fcc80000,0x00000000fcc80000,0x00000000ffe80000)
 ParOldGen       total 245248K, used 172469K [0x00000000a0000000, 0x00000000aef80000, 0x00000000e0000000)
  object space 245248K, 70% used [0x00000000a0000000,0x00000000aa86d738,0x00000000aef80000)
 Metaspace       used 107457K, capacity 112764K, committed 112896K, reserved 1148928K
  class space    used 13341K, capacity 14314K, committed 14336K, reserved 1048576K
}
Event: 1492.052 GC heap before
{Heap before GC invocations=44 (full 4):
 PSYoungGen      total 470016K, used 425540K [0x00000000e0000000, 0x00000000ffe80000, 0x0000000100000000)
  eden space 417792K, 100% used [0x00000000e0000000,0x00000000f9800000,0x00000000f9800000)
  from space 52224K, 14% used [0x00000000f9800000,0x00000000f9f912b0,0x00000000fcb00000)
  to   space 51200K, 0% used [0x00000000fcc80000,0x00000000fcc80000,0x00000000ffe80000)
 ParOldGen       total 245248K, used 172469K [0x00000000a0000000, 0x00000000aef80000, 0x00000000e0000000)
  object space 245248K, 70% used [0x00000000a0000000,0x00000000aa86d738,0x00000000aef80000)
 Metaspace       used 107949K, capacity 113314K, committed 113536K, reserved 1148928K
  class space    used 13370K, capacity 14341K, committed 14464K, reserved 1048576K
Event: 1492.150 GC heap after
Heap after GC invocations=44 (full 4):
 PSYoungGen      total 469504K, used 24248K [0x00000000e0000000, 0x00000000ffc00000, 0x0000000100000000)
  eden space 420864K, 0% used [0x00000000e0000000,0x00000000e0000000,0x00000000f9b00000)
  from space 48640K, 49% used [0x00000000fcc80000,0x00000000fe42e178,0x00000000ffc00000)
  to   space 49664K, 0% used [0x00000000f9b00000,0x00000000f9b00000,0x00000000fcb80000)
 ParOldGen       total 245248K, used 172781K [0x00000000a0000000, 0x00000000aef80000, 0x00000000e0000000)
  object space 245248K, 70% used [0x00000000a0000000,0x00000000aa8bb758,0x00000000aef80000)
 Metaspace       used 107949K, capacity 113314K, committed 113536K, reserved 1148928K
  class space    used 13370K, capacity 14341K, committed 14464K, reserved 1048576K
}

